SF:/home/runner/work/ce204-hw4-alper-sahin/ce204-hw4-alper-sahin/ce204-hw4-alper-sahin/src/main/java/ce204_hw4_app/Admin.java
DA:27,1
DA:15,1
DA:5,0
DA:1,1
end_of_record
SF:/home/runner/work/ce204-hw4-alper-sahin/ce204-hw4-alper-sahin/ce204-hw4-alper-sahin/src/main/java/ce204_hw4_app/App.java
DA:31,1
DA:20,1
DA:1,1
end_of_record
SF:/home/runner/work/ce204-hw4-alper-sahin/ce204-hw4-alper-sahin/ce204-hw4-alper-sahin/src/main/java/ce204_hw4_app/Bill.java
DA:26,1
DA:27,0
DA:30,0
DA:14,1
DA:1,1
end_of_record
SF:/home/runner/work/ce204-hw4-alper-sahin/ce204-hw4-alper-sahin/ce204-hw4-alper-sahin/src/main/java/ce204_hw4_library/CarCustomer.java
DA:15,0
DA:16,0
DA:23,1
DA:34,1
DA:46,1
DA:14,1
DA:6,0
DA:1,1
end_of_record
SF:/home/runner/work/ce204-hw4-alper-sahin/ce204-hw4-alper-sahin/ce204-hw4-alper-sahin/src/main/java/ce204_hw4_library/CarModelCabrio.java
DA:15,0
DA:16,0
DA:17,0
DA:18,0
DA:19,0
DA:20,0
DA:21,0
DA:34,1
DA:50,1
DA:60,1
DA:70,1
DA:81,1
DA:91,1
DA:101,1
DA:111,1
DA:14,1
DA:1,1
end_of_record
SF:/home/runner/work/ce204-hw4-alper-sahin/ce204-hw4-alper-sahin/ce204-hw4-alper-sahin/src/main/java/ce204_hw4_library/CarModelHatchback.java
DA:9,0
DA:10,0
DA:11,0
DA:12,0
DA:13,0
DA:14,0
DA:15,0
DA:28,1
DA:44,1
DA:55,1
DA:65,1
DA:75,1
DA:85,1
DA:95,1
DA:105,1
DA:8,0
DA:1,1
end_of_record
SF:/home/runner/work/ce204-hw4-alper-sahin/ce204-hw4-alper-sahin/ce204-hw4-alper-sahin/src/main/java/ce204_hw4_library/CarModelPickUp.java
DA:15,0
DA:16,0
DA:17,0
DA:18,0
DA:19,0
DA:20,0
DA:21,0
DA:34,1
DA:50,1
DA:60,1
DA:70,1
DA:80,1
DA:90,1
DA:100,1
DA:110,1
DA:14,1
DA:1,1
end_of_record
SF:/home/runner/work/ce204-hw4-alper-sahin/ce204-hw4-alper-sahin/ce204-hw4-alper-sahin/src/main/java/ce204_hw4_library/CarModelSedan.java
DA:15,0
DA:16,0
DA:17,0
DA:18,0
DA:19,0
DA:20,0
DA:21,0
DA:34,1
DA:50,1
DA:60,1
DA:70,1
DA:80,1
DA:90,1
DA:100,1
DA:111,1
DA:14,1
DA:1,1
end_of_record
SF:/home/runner/work/ce204-hw4-alper-sahin/ce204-hw4-alper-sahin/ce204-hw4-alper-sahin/src/main/java/ce204_hw4_library/CarModelStationWagon.java
DA:15,0
DA:16,0
DA:17,0
DA:18,0
DA:19,0
DA:20,0
DA:21,0
DA:34,1
DA:50,1
DA:60,1
DA:70,1
DA:80,1
DA:90,1
DA:100,1
DA:110,1
DA:14,1
DA:1,1
end_of_record
SF:/home/runner/work/ce204-hw4-alper-sahin/ce204-hw4-alper-sahin/ce204-hw4-alper-sahin/src/main/java/ce204_hw4_library/CarModelSUV.java
DA:15,0
DA:16,0
DA:17,0
DA:18,0
DA:19,0
DA:20,0
DA:21,0
DA:34,1
DA:50,1
DA:60,1
DA:70,1
DA:80,1
DA:90,1
DA:100,1
DA:110,1
DA:14,1
DA:1,1
end_of_record
SF:/home/runner/work/ce204-hw4-alper-sahin/ce204-hw4-alper-sahin/ce204-hw4-alper-sahin/src/main/java/ce204_hw4_library/CarPaymentStrategyPattern.java
DA:20,1
DA:27,1
DA:33,1
DA:1,1
end_of_record
SF:/home/runner/work/ce204-hw4-alper-sahin/ce204-hw4-alper-sahin/ce204-hw4-alper-sahin/src/main/java/ce204_hw4_library/CarRentObserverInterface.java
DA:20,1
DA:1,1
end_of_record
SF:/home/runner/work/ce204-hw4-alper-sahin/ce204-hw4-alper-sahin/ce204-hw4-alper-sahin/src/main/java/ce204_hw4_library/CreditCardSystem.java
DA:15,0
DA:16,0
DA:17,0
DA:26,1
DA:38,1
DA:47,1
DA:56,1
DA:14,1
DA:1,1
end_of_record
SF:/home/runner/work/ce204-hw4-alper-sahin/ce204-hw4-alper-sahin/ce204-hw4-alper-sahin/src/main/java/ce204_hw4_app/Customer.java
DA:24,1
DA:26,0
DA:39,1
DA:48,1
DA:56,1
DA:18,1
DA:1,1
end_of_record
SF:/home/runner/work/ce204-hw4-alper-sahin/ce204-hw4-alper-sahin/ce204-hw4-alper-sahin/src/main/java/ce204_hw4_library/CustomerObserverable.java
DA:18,0
DA:25,1
DA:35,1
DA:44,1
DA:53,1
DA:17,0
DA:1,0
end_of_record
SF:/home/runner/work/ce204-hw4-alper-sahin/ce204-hw4-alper-sahin/ce204-hw4-alper-sahin/src/main/java/ce204_hw4_library/FactoryMethodPatternCar.java
DA:25,0
DA:12,1
DA:1,1
end_of_record
SF:/home/runner/work/ce204-hw4-alper-sahin/ce204-hw4-alper-sahin/ce204-hw4-alper-sahin/src/main/java/ce204_hw4_library/LoginServices.java
DA:21,0
DA:22,0
DA:23,0
DA:30,1
DA:39,1
DA:50,1
DA:68,1
DA:84,1
DA:94,1
DA:105,1
DA:115,1
DA:124,1
DA:133,1
DA:158,1
DA:19,1
DA:1,1
end_of_record
SF:/home/runner/work/ce204-hw4-alper-sahin/ce204-hw4-alper-sahin/ce204-hw4-alper-sahin/src/main/java/ce204_hw4_app/Main.java
DA:20,0
DA:21,0
DA:27,0
DA:29,0
DA:30,0
DA:39,1
DA:48,1
DA:169,1
DA:207,1
DA:309,1
DA:321,1
DA:330,1
DA:18,1
DA:1,1
end_of_record
SF:/home/runner/work/ce204-hw4-alper-sahin/ce204-hw4-alper-sahin/ce204-hw4-alper-sahin/src/main/java/ce204_hw4_library/MenuServices.java
DA:6,1
DA:16,1
DA:25,1
DA:33,1
DA:3,0
DA:1,0
end_of_record
SF:/home/runner/work/ce204-hw4-alper-sahin/ce204-hw4-alper-sahin/ce204-hw4-alper-sahin/src/main/java/ce204_hw4_library/MenuServicesInterface.java
DA:19,1
DA:25,1
DA:31,1
DA:37,1
DA:1,1
end_of_record
SF:/home/runner/work/ce204-hw4-alper-sahin/ce204-hw4-alper-sahin/ce204-hw4-alper-sahin/src/main/java/ce204_hw4_library/NotificationTime.java
DA:15,0
DA:16,0
DA:23,1
DA:32,1
DA:61,1
DA:47,1
DA:14,1
DA:1,1
end_of_record
SF:/home/runner/work/ce204-hw4-alper-sahin/ce204-hw4-alper-sahin/ce204-hw4-alper-sahin/src/main/java/ce204_hw4_library/PayCash.java
DA:28,1
DA:40,1
DA:51,1
DA:20,1
DA:1,1
end_of_record
SF:/home/runner/work/ce204-hw4-alper-sahin/ce204-hw4-alper-sahin/ce204-hw4-alper-sahin/src/main/java/ce204_hw4_library/PayCreditCard.java
DA:24,0
DA:25,0
DA:33,1
DA:43,1
DA:55,1
DA:64,1
DA:74,1
DA:84,1
DA:22,1
DA:1,1
end_of_record
SF:/home/runner/work/ce204-hw4-alper-sahin/ce204-hw4-alper-sahin/ce204-hw4-alper-sahin/src/main/java/ce204_hw4_library/PaymentSystemService.java
DA:25,0
DA:26,0
DA:27,0
DA:36,1
DA:50,1
DA:60,1
DA:71,1
DA:81,1
DA:91,1
DA:101,1
DA:24,1
DA:1,1
end_of_record
SF:/home/runner/work/ce204-hw4-alper-sahin/ce204-hw4-alper-sahin/ce204-hw4-alper-sahin/src/main/java/ce204_hw4_library/PayPalSystem.java
DA:24,0
DA:25,0
DA:35,1
DA:47,1
DA:57,1
DA:22,1
DA:1,1
end_of_record
SF:/home/runner/work/ce204-hw4-alper-sahin/ce204-hw4-alper-sahin/ce204-hw4-alper-sahin/src/main/java/ce204_hw4_library/PayPayPal.java
DA:24,0
DA:25,0
DA:34,1
DA:45,1
DA:58,1
DA:69,1
DA:79,1
DA:89,1
DA:11,0
DA:1,1
end_of_record
SF:/home/runner/work/ce204-hw4-alper-sahin/ce204-hw4-alper-sahin/ce204-hw4-alper-sahin/src/main/java/ce204_hw4_library/RegistrationServices.java
DA:33,0
DA:36,0
DA:34,0
DA:35,0
DA:45,1
DA:62,1
DA:75,1
DA:86,1
DA:101,1
DA:31,1
DA:1,1
end_of_record
SF:/home/runner/work/ce204-hw4-alper-sahin/ce204-hw4-alper-sahin/ce204-hw4-alper-sahin/src/main/java/ce204_hw4_library/RegistrationServicesInterface.java
DA:28,1
DA:37,1
DA:51,1
DA:61,1
DA:1,1
end_of_record
SF:/home/runner/work/ce204-hw4-alper-sahin/ce204-hw4-alper-sahin/ce204-hw4-alper-sahin/src/main/java/ce204_hw4_library/RentCarInterface.java
DA:24,1
DA:31,1
DA:38,1
DA:45,1
DA:52,1
DA:59,1
DA:66,1
DA:1,1
end_of_record
SF:/home/runner/work/ce204-hw4-alper-sahin/ce204-hw4-alper-sahin/ce204-hw4-alper-sahin/src/main/java/ce204_hw4_app/User.java
DA:17,0
DA:18,0
DA:19,0
DA:20,0
DA:30,1
DA:41,1
DA:49,1
DA:58,1
DA:67,1
DA:76,1
DA:85,1
DA:94,1
DA:103,1
DA:112,1
DA:122,1
DA:15,1
DA:1,1
end_of_record
SF:/home/runner/work/ce204-hw4-alper-sahin/ce204-hw4-alper-sahin/ce204-hw4-alper-sahin/src/main/java/ce204_hw4_app/UserDatabase.java
DA:23,1
DA:33,1
DA:48,1
DA:61,1
DA:17,1
DA:1,1
end_of_record
SF:/home/runner/work/ce204-hw4-alper-sahin/ce204-hw4-alper-sahin/ce204-hw4-alper-sahin/src/main/java/ce204_hw4_library/LoginServicesInterface.java
DA:1,1
end_of_record
